# JRE version: Java(TM) SE Runtime Environment (8.0_92-b14) (build 1.8.0_92-b14)
# Java VM: Java HotSpot(TM) Client VM (25.92-b14 mixed mode windows-x86 )
Heap:
 def new generation   total 39424K, used 14749K [0x05800000, 0x082c0000, 0x102a0000)
  eden space 35072K,  41% used [0x05800000, 0x0663a228, 0x07a40000)
  from space 4352K,   4% used [0x07e80000, 0x07ead420, 0x082c0000)
  to   space 4352K,   0% used [0x07a40000, 0x07a40000, 0x07e80000)
 tenured generation   total 87424K, used 82655K [0x102a0000, 0x15800000, 0x25800000)
   the space 87424K,  94% used [0x102a0000, 0x15357e68, 0x15358000, 0x15800000)
 Metaspace       used 18172K, capacity 18645K, committed 18688K, reserved 18816K
GC Heap History (10 events):
Event: 13914.485 GC heap before
{Heap before GC invocations=133 (full 1):
 def new generation   total 39424K, used 30648K [0x05800000, 0x082c0000, 0x102a0000)
  eden space 35072K,  86% used [0x05800000, 0x075bd140, 0x07a40000)
  from space 4352K,   4% used [0x07a40000, 0x07a71200, 0x07e80000)
  to   space 4352K,   0% used [0x07e80000, 0x07e80000, 0x082c0000)
 tenured generation   total 87424K, used 82655K [0x102a0000, 0x15800000, 0x25800000)
   the space 87424K,  94% used [0x102a0000, 0x15357e68, 0x15358000, 0x15800000)
 Metaspace       used 18172K, capacity 18645K, committed 18688K, reserved 18816K
Event: 13914.486 GC heap after
Heap after GC invocations=134 (full 1):
 def new generation   total 39424K, used 180K [0x05800000, 0x082c0000, 0x102a0000)
  eden space 35072K,   0% used [0x05800000, 0x05800000, 0x07a40000)
  from space 4352K,   4% used [0x07e80000, 0x07ead0e0, 0x082c0000)
  to   space 4352K,   0% used [0x07a40000, 0x07a40000, 0x07e80000)
 tenured generation   total 87424K, used 82655K [0x102a0000, 0x15800000, 0x25800000)
   the space 87424K,  94% used [0x102a0000, 0x15357e68, 0x15358000, 0x15800000)
 Metaspace       used 18172K, capacity 18645K, committed 18688K, reserved 18816K
}
Event: 14034.508 GC heap before
{Heap before GC invocations=134 (full 1):
 def new generation   total 39424K, used 29759K [0x05800000, 0x082c0000, 0x102a0000)
  eden space 35072K,  84% used [0x05800000, 0x074e2e78, 0x07a40000)
  from space 4352K,   4% used [0x07e80000, 0x07ead0e0, 0x082c0000)
  to   space 4352K,   0% used [0x07a40000, 0x07a40000, 0x07e80000)
 tenured generation   total 87424K, used 82655K [0x102a0000, 0x15800000, 0x25800000)
   the space 87424K,  94% used [0x102a0000, 0x15357e68, 0x15358000, 0x15800000)
 Metaspace       used 18172K, capacity 18645K, committed 18688K, reserved 18816K
Event: 14034.509 GC heap after
Heap after GC invocations=135 (full 1):
 def new generation   total 39424K, used 180K [0x05800000, 0x082c0000, 0x102a0000)
  eden space 35072K,   0% used [0x05800000, 0x05800000, 0x07a40000)
  from space 4352K,   4% used [0x07a40000, 0x07a6d0e0, 0x07e80000)
  to   space 4352K,   0% used [0x07e80000, 0x07e80000, 0x082c0000)
 tenured generation   total 87424K, used 82655K [0x102a0000, 0x15800000, 0x25800000)
   the space 87424K,  94% used [0x102a0000, 0x15357e68, 0x15358000, 0x15800000)
 Metaspace       used 18172K, capacity 18645K, committed 18688K, reserved 18816K
}
Event: 14154.539 GC heap before
{Heap before GC invocations=135 (full 1):
 def new generation   total 39424K, used 29730K [0x05800000, 0x082c0000, 0x102a0000)
  eden space 35072K,  84% used [0x05800000, 0x074dbb18, 0x07a40000)
  from space 4352K,   4% used [0x07a40000, 0x07a6d0e0, 0x07e80000)
  to   space 4352K,   0% used [0x07e80000, 0x07e80000, 0x082c0000)
 tenured generation   total 87424K, used 82655K [0x102a0000, 0x15800000, 0x25800000)
   the space 87424K,  94% used [0x102a0000, 0x15357e68, 0x15358000, 0x15800000)
 Metaspace       used 18172K, capacity 18645K, committed 18688K, reserved 18816K
Event: 14154.540 GC heap after
Heap after GC invocations=136 (full 1):
 def new generation   total 39424K, used 180K [0x05800000, 0x082c0000, 0x102a0000)
  eden space 35072K,   0% used [0x05800000, 0x05800000, 0x07a40000)
  from space 4352K,   4% used [0x07e80000, 0x07ead0e0, 0x082c0000)
  to   space 4352K,   0% used [0x07a40000, 0x07a40000, 0x07e80000)
 tenured generation   total 87424K, used 82655K [0x102a0000, 0x15800000, 0x25800000)
   the space 87424K,  94% used [0x102a0000, 0x15357e68, 0x15358000, 0x15800000)
 Metaspace       used 18172K, capacity 18645K, committed 18688K, reserved 18816K
}
Event: 14274.545 GC heap before
{Heap before GC invocations=136 (full 1):
 def new generation   total 39424K, used 29743K [0x05800000, 0x082c0000, 0x102a0000)
  eden space 35072K,  84% used [0x05800000, 0x074dede0, 0x07a40000)
  from space 4352K,   4% used [0x07e80000, 0x07ead0e0, 0x082c0000)
  to   space 4352K,   0% used [0x07a40000, 0x07a40000, 0x07e80000)
 tenured generation   total 87424K, used 82655K [0x102a0000, 0x15800000, 0x25800000)
   the space 87424K,  94% used [0x102a0000, 0x15357e68, 0x15358000, 0x15800000)
 Metaspace       used 18172K, capacity 18645K, committed 18688K, reserved 18816K
Event: 14274.547 GC heap after
Heap after GC invocations=137 (full 1):
 def new generation   total 39424K, used 180K [0x05800000, 0x082c0000, 0x102a0000)
  eden space 35072K,   0% used [0x05800000, 0x05800000, 0x07a40000)
  from space 4352K,   4% used [0x07a40000, 0x07a6d0e0, 0x07e80000)
  to   space 4352K,   0% used [0x07e80000, 0x07e80000, 0x082c0000)
 tenured generation   total 87424K, used 82655K [0x102a0000, 0x15800000, 0x25800000)
   the space 87424K,  94% used [0x102a0000, 0x15357e68, 0x15358000, 0x15800000)
 Metaspace       used 18172K, capacity 18645K, committed 18688K, reserved 18816K
}
Event: 14337.007 GC heap before
{Heap before GC invocations=137 (full 1):
 def new generation   total 39424K, used 27520K [0x05800000, 0x082c0000, 0x102a0000)
  eden space 35072K,  77% used [0x05800000, 0x072b3210, 0x07a40000)
  from space 4352K,   4% used [0x07a40000, 0x07a6d0e0, 0x07e80000)
  to   space 4352K,   0% used [0x07e80000, 0x07e80000, 0x082c0000)
 tenured generation   total 87424K, used 82655K [0x102a0000, 0x15800000, 0x25800000)
   the space 87424K,  94% used [0x102a0000, 0x15357e68, 0x15358000, 0x15800000)
 Metaspace       used 18172K, capacity 18645K, committed 18688K, reserved 18816K
Event: 14337.008 GC heap after
Heap after GC invocations=138 (full 1):
 def new generation   total 39424K, used 181K [0x05800000, 0x082c0000, 0x102a0000)
  eden space 35072K,   0% used [0x05800000, 0x05800000, 0x07a40000)
  from space 4352K,   4% used [0x07e80000, 0x07ead420, 0x082c0000)
  to   space 4352K,   0% used [0x07a40000, 0x07a40000, 0x07e80000)
 tenured generation   total 87424K, used 82655K [0x102a0000, 0x15800000, 0x25800000)
   the space 87424K,  94% used [0x102a0000, 0x15357e68, 0x15358000, 0x15800000)
 Metaspace       used 18172K, capacity 18645K, committed 18688K, reserved 18816K
}

